----------------
From file DUMMY:
pg 1: (./pdf-CHARLAUNPaz.tex
--------------------------------------------------------------------
From file /usr/share/texmf-dist/tex/generic/babel-french/french.ldf:
pg 1: Package babel Warning: No hyphenation patterns were preloaded for
      (babel)                the language 'French' into the format.
      (babel)                Please, configure your TeX system to add them and
      (babel)                rebuild the format. Now I will use the patterns
      (babel)                preloaded for \language=nohyphenation instead on input line 87.
--------------------------------------------------------------------------
From file /usr/share/texmf-dist/tex/generic/babel-portuges/portuguese.ldf:
pg 1: Package babel Warning: No hyphenation patterns were preloaded for
      (babel)                the language 'Portuguese' into the format.
      (babel)                Please, configure your TeX system to add them and
      (babel)                rebuild the format. Now I will use the patterns
      (babel)                preloaded for \language=nohyphenation instead on input line 53.
----------------------------------------------------------------------
From file /usr/share/texmf-dist/tex/generic/babel-italian/italian.ldf:
pg 1: Package babel Warning: No hyphenation patterns were preloaded for
      (babel)                the language 'Italian' into the format.
      (babel)                Please, configure your TeX system to add them and
      (babel)                rebuild the format. Now I will use the patterns
      (babel)                preloaded for \language=nohyphenation instead on input line 21.
---------------------------------------------------------------------
From file /usr/share/texmf-dist/tex/generic/babel-german/germanb.ldf:
pg 1: Package babel Warning: No hyphenation patterns were preloaded for
      (babel)                the language 'German (trad. orthography)' into the format.
      (babel)                Please, configure your TeX system to add them and
      (babel)                rebuild the format. Now I will use the patterns
      (babel)                preloaded for \language=nohyphenation instead on input line 62.
----------------------------------------------------------------------
From file /usr/share/texmf-dist/tex/generic/babel-spanish/spanish.ldf:
pg 1: Package babel Warning: No hyphenation patterns were preloaded for
      (babel)                the language 'Spanish' into the format.
      (babel)                Please, configure your TeX system to add them and
      (babel)                rebuild the format. Now I will use the patterns
      (babel)                preloaded for \language=nohyphenation instead on input line 51.
------------------------------------------------------------------
From file /usr/share/texmf-dist/tex/latex/koma-script/scrbase.sty:
pg 1: Applying: [2021/05/01] Usage of raw or classic option list on input line 252.
pg 1: Already applied: [0000/00/00] Usage of raw or classic option list on input line
pg 1: 368.
----------------
From file DUMMY:
pg 1: ! Missing number, treated as zero.
      <to be read again> 
      \scan_stop: 
      l.273 
pg 1: A number should have been here; I inserted `0'.
pg 1: (If you can't figure out why I needed to see a number,
pg 1: look up `weird error' in the index to The TeXbook.)
pg 1: {Índice de imágenes}, name=Imagen, placement=ht, ' on input line 283.
--------------------------------------------
From file ./files/gbTeXmeta-CHARLAUNPaz.tex:
pg 1: ! Package kvsetkeys Error: Undefined key `pdfx'.
      See the kvsetkeys package documentation for explanation.
      Type  H <return>  for immediate help.
       ...                                              
                                                        
      l.21 }
pg 1: The keyval family of the key `pdfx' is `Hyp'.
pg 1: The setting of the key is ignored because of the error.
pg 1: Try typing  <return>  to proceed.
pg 1: If that doesn't work, type  X <return>  to quit.
pg 1: Package hyperref Warning: Option `bookmarks' has already been used,
      (hyperref)                setting the option has no effect on input line 21.
----------------
From file DUMMY:
pg 15: Capítulo 1.
pg 17: Capítulo 2.
pg 19: Capítulo 3.
pg 21: Capítulo 4.
pg 23: Using TeX to sort glossary entries---this may take a while

After last page:

Package imakeidx Warning: Remember to run lualatex again after calling
(imakeidx)                `texindy names.idx'.
Package imakeidx Warning: Remember to run lualatex again after calling
(imakeidx)                `texindy concepto.idx'.
Package imakeidx Warning: Remember to run lualatex again after calling
(imakeidx)                `texindy onomastico.idx'.
***********
)

====  Summary:  ====

